<?xml version="1.0" encoding="UTF-8"?>
<!-- Generated by org.testng.reporters.JUnitReportReporter -->
<testsuite ignored="0" hostname="DESKTOP-FPSG6T1" failures="0" tests="1" name="AmazonTestClass.SearchAndVerifyProduct" time="4.665" errors="0" timestamp="15 Mar 2025 21:38:58 GMT" skipped="0">
  <testcase classname="AmazonTestClass.SearchAndVerifyProduct" name="search_and_verify_product" time="4.665"/>
</testsuite> <!-- AmazonTestClass.SearchAndVerifyProduct -->
